2025-04-03T18:30:49.122132+0900 INFO Получено сообщение от управляющего канала -1002274694494: помощь
2025-04-03T18:31:14.017207+0900 INFO Получено сообщение от управляющего канала -1002274694494: список каналов
2025-04-03T18:31:17.983983+0900 INFO Получено сообщение от управляющего канала -1002274694494: список канал
2025-04-03T18:31:53.261183+0900 DEBUG Получено сообщение от канала -1002641935606: None
2025-04-03T18:33:49.388254+0900 INFO Получено сообщение от управляющего канала -1002274694494: добавить канал -1002641935606
2025-04-03T18:34:02.757426+0900 INFO Получено сообщение от управляющего канала -1002274694494: список канал
2025-04-03T18:34:08.473870+0900 DEBUG Получено сообщение от канала -1002641935606: 1
2025-04-03T18:34:08.473870+0900 DEBUG Канал -1002641935606 есть в списке
2025-04-03T18:34:13.033093+0900 DEBUG Получено сообщение от канала -1002641935606: 123
2025-04-03T18:34:13.033093+0900 DEBUG Канал -1002641935606 есть в списке
2025-04-03T18:34:26.694856+0900 INFO Получено сообщение от управляющего канала -1002274694494: добавить слово убийство
2025-04-03T18:34:30.800755+0900 INFO Получено сообщение от управляющего канала -1002274694494: список слова
2025-04-03T18:34:35.394214+0900 INFO Получено сообщение от управляющего канала -1002274694494: список слов
2025-04-03T18:34:39.598905+0900 INFO Получено сообщение от управляющего канала -1002274694494: список слово
2025-04-03T18:34:46.032852+0900 DEBUG Получено сообщение от канала -1002641935606: 123
2025-04-03T18:34:46.032852+0900 DEBUG Канал -1002641935606 есть в списке
2025-04-03T18:34:48.186221+0900 DEBUG Получено сообщение от канала -1002641935606: 1232321
2025-04-03T18:34:48.186221+0900 DEBUG Канал -1002641935606 есть в списке
2025-04-03T18:34:51.603753+0900 DEBUG Получено сообщение от канала -1002641935606: убийство
2025-04-03T18:34:51.603753+0900 DEBUG Канал -1002641935606 есть в списке
2025-04-03T18:34:52.582681+0900 INFO Совпадение слова убийство со списком
2025-04-03T18:34:52.582681+0900 INFO Переслал сообщение пользователю -1002274694494
2025-04-03T18:35:20.660229+0900 DEBUG Получено сообщение от канала -1002641935606: убийства
2025-04-03T18:35:20.660229+0900 DEBUG Канал -1002641935606 есть в списке
2025-04-03T18:35:21.764647+0900 INFO Совпадение слова убийство со списком
2025-04-03T18:35:21.766189+0900 INFO Переслал сообщение пользователю -1002274694494
2025-04-03T18:36:22.959127+0900 DEBUG Получено сообщение от канала -1002641935606: жертвой убийства стал
2025-04-03T18:36:22.959127+0900 DEBUG Канал -1002641935606 есть в списке
2025-04-03T18:36:23.942593+0900 INFO Совпадение слова убийство со списком
2025-04-03T18:36:23.942593+0900 INFO Переслал сообщение пользователю -1002274694494
2025-04-03T18:36:41.790241+0900 DEBUG Получено сообщение от канала -1002641935606: жертвой грусти стал
2025-04-03T18:36:41.791272+0900 DEBUG Канал -1002641935606 есть в списке
2025-04-03T18:37:08.584167+0900 DEBUG Получено сообщение от канала -1002641935606: None
2025-04-03T18:37:08.584167+0900 DEBUG Канал -1002641935606 есть в списке
2025-04-03T18:37:08.753005+0900 DEBUG Получено сообщение от канала -1002641935606: None
2025-04-03T18:37:08.753005+0900 DEBUG Канал -1002641935606 есть в списке
2025-04-03T18:37:08.757082+0900 DEBUG Получено сообщение от канала -1002641935606: None
2025-04-03T18:37:08.757082+0900 DEBUG Канал -1002641935606 есть в списке
2025-04-03T18:37:08.759076+0900 DEBUG Получено сообщение от канала -1002641935606: None
2025-04-03T18:37:08.759076+0900 DEBUG Канал -1002641935606 есть в списке
2025-04-03T18:37:51.749389+0900 DEBUG Получено сообщение от канала -1002641935606: ✨ Межкомнатные перегородки: Свобода пространства в вашем стиле!  

Планируете о функциональном и стильном интерьере? Наши межкомнатные перегородки — идеальное решение для зонирования без ремонта!  

*Почему выбирают алюминиевые перегородки?*  

✅ *Гибкость:* Легко меняйте планировку под свои нужды — офис, квартира, кафе или магазин.  
✅ *Экономия:* Никаких затрат на капитальные стены. Экономьте время и бюджет!  
✅ *Безопасность:* Стекло триплекс, надежный каркас из  алюминия, современные материалы. Выберите прозрачность и цвет!  
✅ *Звукоизоляция:* Создайте уютные уголки без лишнего шума.  
✅ *Быстрый монтаж:* Установка за 1 день. Профессиональная консультация специалистов!  

*Идеи для вдохновения:*  
— Отделите рабочую зону от гостиной в студии.  
— Организуйте переговорные комнаты в офисе.  
— Создайте уютный уголок в кафе.  

*Специальное предложение:*  
Закажите до конца месяца и получите *скидку 15%* на монтаж!  

🌐  www.instagram.com/dveri.pro28
 📱8(914)558-31-10
📍 Двери PRO ул. Мухина, 118
2025-04-03T18:37:51.749389+0900 DEBUG Канал -1002641935606 есть в списке
2025-04-03T18:38:21.418266+0900 DEBUG Получено сообщение от канала -1002641935606: ✨ Межкомнатные перегородки: Свобода пространства в вашем стиле!  

Планируете о функциональном и стильном интерьере? Наши межкомнатные перегородки — идеальное решение для зонирования без ремонта!  

*Почему выбирают алюминиевые перегородки?*  

✅ *Гибкость:* Легко меняйте планировку под свои нужды — офис, квартира, кафе или магазин.  
✅ *Экономия:* Никаких затрат на капитальные стены. Экономьте время и бюджет!  
✅ *Безопасность:* Стекло триплекс, надежный каркас из  алюминия, современные материалы. Выберите прозрачность и цвет!  
✅ *Звукоизоляция:* Создайте уютные уголки без лишнего шума.  
✅ *Быстрый монтаж:* Установка за 1 день. Профессиональная консультация специалистов!  

*Идеи для вдохновения:*  
— Отделите рабочую зону от гостиной в студии.  
— Организуйте переговорные комнаты в офисе.  
— Создайте уютный уголок в кафе.  

*Специальное предложение:*  
Закажите до конца месяца и получите *скидку 15%* на монтаж!  

🌐  www.instagram.com/dveri.pro28
 📱8(914)558-31-10
📍 Двери PRO ул. Мухина, 118
2025-04-03T18:38:21.418266+0900 DEBUG Канал -1002641935606 есть в списке
2025-04-03T18:38:47.450131+0900 DEBUG Получено сообщение от канала -1002641935606: None
2025-04-03T18:38:47.450131+0900 DEBUG Канал -1002641935606 есть в списке
2025-04-03T18:39:51.538929+0900 DEBUG Получено сообщение от канала -1002641935606: None
2025-04-03T18:39:51.538929+0900 DEBUG Канал -1002641935606 есть в списке
2025-04-03T18:39:51.722191+0900 DEBUG Получено сообщение от канала -1002641935606: None
2025-04-03T18:39:51.722191+0900 DEBUG Канал -1002641935606 есть в списке
2025-04-03T18:39:51.726326+0900 DEBUG Получено сообщение от канала -1002641935606: None
2025-04-03T18:39:51.726326+0900 DEBUG Канал -1002641935606 есть в списке
2025-04-03T18:39:51.729829+0900 DEBUG Получено сообщение от канала -1002641935606: None
2025-04-03T18:39:51.729829+0900 DEBUG Канал -1002641935606 есть в списке
2025-04-03T18:40:01.912432+0900 DEBUG Получено сообщение от канала -1002641935606: None
2025-04-03T18:40:01.912432+0900 DEBUG Канал -1002641935606 есть в списке
2025-04-03T18:45:35.971787+0900 INFO Получено сообщение от управляющего канала -1002274694494: добавить слово тепловоз
2025-04-03T18:45:41.076632+0900 INFO Получено сообщение от управляющего канала -1002274694494: список слово
2025-04-03T18:45:59.026484+0900 DEBUG Получено сообщение от канала -1002641935606: 🧯В Варваровке сгорел тепловоз

Сегодня в железнодорожном депо села произошло возгорание тепловоза, принадлежащего Ерковецкому угольному разрезу. Два человека получили ожоги 2-й степени. Они были доставлены в Ожоговый центр Благовещенска для оказания специализированной помощи.

На месте работали тушили 12 огнеборцев и 3 автоцистерны. Причина пожара и размер ущерба устанавливаются. Следственные органы проведут проверку для выяснения всех обстоятельств произошедшего.

📝 @amursiespasateli
👉 Б№1 подписаться | Прислать новость
2025-04-03T18:45:59.026484+0900 DEBUG Канал -1002641935606 есть в списке
2025-04-03T18:46:07.683186+0900 INFO Совпадение слова тепловоз со списком
2025-04-03T18:46:07.683186+0900 INFO Переслал сообщение пользователю -1002274694494
2025-04-03T18:49:09.572924+0900 DEBUG Получено сообщение от канала -1002641935606: В отношении благовещенца, устроившего стрельбу у Харатс, избрана мера пресечения в виде заключения под стражу 

Благовещенский городской суд удовлетворил ходатайство следователя следственного отдела по Благовещенску об избрании меры пресечения в отношении 34-летнего жителя города, подозреваемого в совершении преступления, предусмотренного ч. 3 ст. 30, ч. 1 ст. 105 УК РФ (покушение на убийство).

По версии следствия, в ночь с 28 на 29 марта подозреваемый находился в Харатс, где между его другом и другим посетителем заведения возник конфликт. После окончания конфликта подозреваемый вместе со своими друзьями приехал домой, где взял принадлежащее ему охотничье ружьё и с ним вернулся к заведению. Увидев стоящего на парковке у бара мужчину с кем ранее произошел конфликт, подозреваемый произвел не менее трех выстрелов из охотничьего ружья в сторону потерпевшего, причинив ему огнестрельное ранение.

В отношении подозреваемого избрана мера пресечения в виде заключения под стражу.

👉 Б№1 подписаться | Прислать новость
2025-04-03T18:49:09.573922+0900 DEBUG Канал -1002641935606 есть в списке
2025-04-03T18:49:19.061970+0900 INFO Совпадение слова убийство со списком
2025-04-03T18:49:19.061970+0900 INFO Переслал сообщение пользователю -1002274694494
2025-04-03T19:07:06.576697+0900 DEBUG Получено сообщение от канала -1002641935606: В отношении благовещенца, устроившего стрельбу у Харатс, избрана мера пресечения в виде заключения под стражу 

Благовещенский городской суд удовлетворил ходатайство следователя следственного отдела по Благовещенску об избрании меры пресечения в отношении 34-летнего жителя города, подозреваемого в совершении преступления, предусмотренного ч. 3 ст. 30, ч. 1 ст. 105 УК РФ (покушение на убийство).

По версии следствия, в ночь с 28 на 29 марта подозреваемый находился в Харатс, где между его другом и другим посетителем заведения возник конфликт. После окончания конфликта подозреваемый вместе со своими друзьями приехал домой, где взял принадлежащее ему охотничье ружьё и с ним вернулся к заведению. Увидев стоящего на парковке у бара мужчину с кем ранее произошел конфликт, подозреваемый произвел не менее трех выстрелов из охотничьего ружья в сторону потерпевшего, причинив ему огнестрельное ранение.

В отношении подозреваемого избрана мера пресечения в виде заключения под стражу.

👉 Б№1 подписаться | Прислать новость
2025-04-03T19:07:06.577690+0900 DEBUG Канал -1002641935606 есть в списке
2025-04-03T19:07:15.703598+0900 INFO Совпадение слова убийство со списком
2025-04-03T19:07:15.703598+0900 INFO Переслал сообщение пользователю -1002274694494
2025-04-03T19:08:13.073743+0900 DEBUG Получено сообщение от канала -1002641935606: В отношении благовещенца, устроившего стрельбу у Харатс, избрана мера пресечения в виде заключения под стражу 

Благовещенский городской суд удовлетворил ходатайство следователя следственного отдела по Благовещенску об избрании меры пресечения в отношении 34-летнего жителя города, подозреваемого в совершении преступления, предусмотренного ч. 3 ст. 30, ч. 1 ст. 105 УК РФ (покушение на убийство).

По версии следствия, в ночь с 28 на 29 марта подозреваемый находился в Харатс, где между его другом и другим посетителем заведения возник конфликт. После окончания конфликта подозреваемый вместе со своими друзьями приехал домой, где взял принадлежащее ему охотничье ружьё и с ним вернулся к заведению. Увидев стоящего на парковке у бара мужчину с кем ранее произошел конфликт, подозреваемый произвел не менее трех выстрелов из охотничьего ружья в сторону потерпевшего, причинив ему огнестрельное ранение.

В отношении подозреваемого избрана мера пресечения в виде заключения под стражу.

👉 Б№1 подписаться | Прислать новость
2025-04-03T19:08:13.074697+0900 DEBUG Канал -1002641935606 есть в списке
2025-04-03T19:08:24.014438+0900 INFO Совпадение слова убийство со списком
2025-04-03T19:08:24.014438+0900 INFO Переслал сообщение пользователю -1002274694494
2025-04-03T19:14:25.408297+0900 DEBUG Получено сообщение от канала -1002641935606: В отношении благовещенца, устроившего стрельбу у Харатс, избрана мера пресечения в виде заключения под стражу 

Благовещенский городской суд удовлетворил ходатайство следователя следственного отдела по Благовещенску об избрании меры пресечения в отношении 34-летнего жителя города, подозреваемого в совершении преступления, предусмотренного ч. 3 ст. 30, ч. 1 ст. 105 УК РФ (покушение на убийство).

По версии следствия, в ночь с 28 на 29 марта подозреваемый находился в Харатс, где между его другом и другим посетителем заведения возник конфликт. После окончания конфликта подозреваемый вместе со своими друзьями приехал домой, где взял принадлежащее ему охотничье ружьё и с ним вернулся к заведению. Увидев стоящего на парковке у бара мужчину с кем ранее произошел конфликт, подозреваемый произвел не менее трех выстрелов из охотничьего ружья в сторону потерпевшего, причинив ему огнестрельное ранение.

В отношении подозреваемого избрана мера пресечения в виде заключения под стражу.

👉 Б№1 подписаться | Прислать новость
2025-04-03T19:14:25.408297+0900 DEBUG Канал -1002641935606 есть в списке
2025-04-03T19:14:35.821294+0900 INFO Совпадение слова убийство со списком
2025-04-03T19:14:35.822246+0900 INFO Переслал сообщение пользователю -1002274694494
2025-04-03T19:14:48.526803+0900 INFO Получено сообщение от управляющего канала -1002274694494: 123
2025-04-03T19:15:04.421230+0900 DEBUG Получено сообщение от канала -1002641935606: В отношении благовещенца, устроившего стрельбу у Харатс, избрана мера пресечения в виде заключения под стражу 

Благовещенский городской суд удовлетворил ходатайство следователя следственного отдела по Благовещенску об избрании меры пресечения в отношении 34-летнего жителя города, подозреваемого в совершении преступления, предусмотренного ч. 3 ст. 30, ч. 1 ст. 105 УК РФ (покушение на убийство).

По версии следствия, в ночь с 28 на 29 марта подозреваемый находился в Харатс, где между его другом и другим посетителем заведения возник конфликт. После окончания конфликта подозреваемый вместе со своими друзьями приехал домой, где взял принадлежащее ему охотничье ружьё и с ним вернулся к заведению. Увидев стоящего на парковке у бара мужчину с кем ранее произошел конфликт, подозреваемый произвел не менее трех выстрелов из охотничьего ружья в сторону потерпевшего, причинив ему огнестрельное ранение.

В отношении подозреваемого избрана мера пресечения в виде заключения под стражу.

👉 Б№1 подписаться | Прислать новость
2025-04-03T19:15:04.421230+0900 DEBUG Канал -1002641935606 есть в списке
2025-04-03T19:15:13.101426+0900 INFO Совпадение слова убийство со списком
2025-04-03T19:15:13.101426+0900 INFO Переслал сообщение пользователю -1002274694494
2025-04-03T22:00:26.001714+0900 DEBUG Получено сообщение от канала -1002641935606: гацгац
2025-04-03T22:00:26.008443+0900 DEBUG Канал -1002641935606 есть в списке
2025-04-03T22:00:31.693489+0900 DEBUG Получено сообщение от канала -1002641935606: убийство
2025-04-03T22:00:31.693489+0900 DEBUG Канал -1002641935606 есть в списке
2025-04-03T22:00:32.691554+0900 INFO Совпадение слова убийство со списком
2025-04-03T22:00:32.691554+0900 INFO Переслал сообщение пользователю -1002274694494
2025-04-03T22:01:15.040894+0900 DEBUG Получено сообщение от канала -1002641935606: убийство
2025-04-03T22:01:15.040894+0900 DEBUG Канал -1002641935606 есть в списке
2025-04-03T22:01:16.160843+0900 INFO Совпадение слова убийство со списком
2025-04-03T22:01:16.160843+0900 INFO Переслал сообщение пользователю -1002274694494
2025-04-03T22:01:59.578508+0900 DEBUG Получено сообщение от канала -1002641935606: тепловоз
2025-04-03T22:01:59.579403+0900 DEBUG Канал -1002641935606 есть в списке
2025-04-03T22:02:00.591904+0900 INFO Совпадение слова тепловоз со списком
2025-04-03T22:02:00.591904+0900 INFO Переслал сообщение пользователю -1002274694494
2025-04-03T22:02:43.892381+0900 DEBUG Получено сообщение от канала -1002641935606: тепловоз
2025-04-03T22:02:43.893411+0900 DEBUG Канал -1002641935606 есть в списке
2025-04-03T22:02:44.907348+0900 INFO Совпадение слова тепловоз со списком
2025-04-03T22:02:44.907348+0900 INFO Переслал сообщение пользователю -1002274694494
2025-04-03T22:03:34.109209+0900 DEBUG Получено сообщение от канала -1002641935606: тепловоз
2025-04-03T22:03:34.109209+0900 DEBUG Канал -1002641935606 есть в списке
2025-04-03T22:03:35.136429+0900 INFO Совпадение слова тепловоз со списком
2025-04-03T22:03:35.136429+0900 INFO Переслал сообщение пользователю -1002274694494
2025-04-03T22:09:23.115650+0900 DEBUG Получено сообщение от канала -1002641935606: тепловоз
2025-04-03T22:09:23.116512+0900 DEBUG Канал -1002641935606 есть в списке
2025-04-03T22:09:24.132163+0900 INFO Совпадение слова тепловоз со списком
2025-04-03T22:09:24.132163+0900 INFO Переслал сообщение пользователю -1002274694494
2025-04-03T22:10:12.576875+0900 DEBUG Получено сообщение от канала -1002641935606: тепловоз
2025-04-03T22:10:12.577919+0900 DEBUG Канал -1002641935606 есть в списке
2025-04-03T22:10:13.761433+0900 INFO Совпадение слова тепловоз со списком
2025-04-03T22:10:13.762431+0900 INFO Переслал сообщение пользователю -1002274694494
2025-04-03T22:10:39.219995+0900 DEBUG Получено сообщение от канала -1002641935606: > <blockquote>Block quotation</blockquote>
2025-04-03T22:10:39.219995+0900 DEBUG Канал -1002641935606 есть в списке
2025-04-03T22:10:52.466074+0900 DEBUG Получено сообщение от канала -1002641935606: > убийство
2025-04-03T22:10:52.466954+0900 DEBUG Канал -1002641935606 есть в списке
2025-04-03T22:10:53.441787+0900 INFO Совпадение слова убийство со списком
2025-04-03T22:10:53.441787+0900 INFO Переслал сообщение пользователю -1002274694494
2025-04-03T22:11:00.154118+0900 DEBUG Получено сообщение от канала -1002641935606: тепловоз
2025-04-03T22:11:00.154118+0900 DEBUG Канал -1002641935606 есть в списке
2025-04-03T22:11:01.113154+0900 INFO Совпадение слова тепловоз со списком
2025-04-03T22:11:01.113154+0900 INFO Переслал сообщение пользователю -1002274694494
2025-04-03T22:11:57.518239+0900 DEBUG Получено сообщение от канала -1002641935606: тепловоз
2025-04-03T22:11:57.519224+0900 DEBUG Канал -1002641935606 есть в списке
2025-04-03T22:11:58.491236+0900 INFO Совпадение слова тепловоз со списком
2025-04-03T22:11:58.491236+0900 INFO Переслал сообщение пользователю -1002274694494
2025-04-03T22:12:48.909241+0900 DEBUG Получено сообщение от канала -1002641935606: > 123
2025-04-03T22:12:48.909241+0900 DEBUG Канал -1002641935606 есть в списке
2025-04-03T22:19:57.664181+0900 DEBUG Получено сообщение от канала -1002641935606: тепловоз
2025-04-03T22:19:57.664181+0900 DEBUG Канал -1002641935606 есть в списке
2025-04-03T22:19:58.692491+0900 INFO Совпадение слова тепловоз со списком
2025-04-03T22:19:58.692491+0900 INFO Переслал сообщение пользователю -1002274694494
2025-04-04T22:33:19.904566+0900 INFO Получено сообщение от управляющего канала -1002274694494: помощь
2025-04-04T22:33:43.624944+0900 INFO Получено сообщение от управляющего канала -1002274694494: список слово
2025-04-04T22:33:57.988881+0900 INFO Получено сообщение от управляющего канала -1002274694494: список канал
2025-04-04T22:34:45.827762+0900 INFO Получено сообщение от управляющего канала -1002274694494: добавить канал amurblg1
2025-04-04T22:34:53.540638+0900 INFO Получено сообщение от управляющего канала -1002274694494: список канал
2025-04-04T22:41:31.162204+0900 DEBUG Получено сообщение от канала -1002641935606: соврешено убийство
2025-04-04T22:41:31.162204+0900 DEBUG Канал -1002641935606 есть в списке
2025-04-04T22:41:32.631698+0900 INFO Совпадение слова убийство со списком
2025-04-04T22:41:32.631698+0900 INFO Переслал сообщение пользователю -1002274694494
2025-04-04T22:46:58.612778+0900 INFO Получено сообщение от управляющего канала -1002274694494: совершено убийство
2025-04-04T22:47:03.493534+0900 DEBUG Получено сообщение от канала -1002641935606: совершено убийство
2025-04-04T22:47:03.493534+0900 DEBUG Канал -1002641935606 есть в списке
2025-04-04T22:47:04.518608+0900 INFO Совпадение слова убийство со списком
2025-04-04T22:47:04.519607+0900 INFO Переслал сообщение пользователю -1002274694494
2025-04-04T22:48:09.751850+0900 DEBUG Получено сообщение от канала -1002641935606: соврешено убийствоэ
2025-04-04T22:48:09.751850+0900 DEBUG Канал -1002641935606 есть в списке
2025-04-04T22:48:26.477443+0900 DEBUG Получено сообщение от канала -1002641935606: убийство
2025-04-04T22:48:26.477443+0900 DEBUG Канал -1002641935606 есть в списке
2025-04-04T22:48:27.454889+0900 INFO Совпадение слова убийство со списком
2025-04-04T22:48:27.454889+0900 INFO Переслал сообщение пользователю -1002274694494
2025-04-04T22:50:08.861307+0900 DEBUG Получено сообщение от канала -1002641935606: убийство
2025-04-04T22:50:08.861307+0900 DEBUG Канал -1002641935606 есть в списке
2025-04-04T22:50:09.877333+0900 INFO Совпадение слова убийство со списком
2025-04-04T22:50:09.878331+0900 INFO Переслал сообщение пользователю -1002274694494
2025-04-04T22:50:49.297353+0900 DEBUG Получено сообщение от канала -1002641935606: Грузовой поезд сошёл с рельсов в городском округе Хэйхэ

Тепловоз с несколькими вагонами сошёл с рельсов, перевернулся и по инерции протащил состав за собой, деформировав железнодорожное полотно.

Поезд сошел с рельсов после столкновения с грузовиком.
Известно, что водитель грузовой машины с травмами доставлен в больницу.

👉 Б№1. Подписаться | Прислать новость
2025-04-04T22:50:49.297353+0900 DEBUG Канал -1002641935606 есть в списке
2025-04-04T22:50:57.693008+0900 INFO Совпадение слова тепловоз со списком
2025-04-04T22:50:57.693008+0900 INFO Переслал сообщение пользователю -1002274694494
2025-04-04T23:09:53.831407+0900 DEBUG Получено сообщение от канала -1002641935606: тепловозы
2025-04-04T23:09:53.831407+0900 DEBUG Канал -1002641935606 есть в списке
2025-04-04T23:09:54.881422+0900 INFO Совпадение слова тепловоз со списком
2025-04-04T23:09:54.881422+0900 INFO Переслал сообщение пользователю -1002274694494
2025-04-04T23:10:38.237633+0900 DEBUG Получено сообщение от канала -1002641935606: тепловозы
2025-04-04T23:10:38.237633+0900 DEBUG Канал -1002641935606 есть в списке
2025-04-04T23:10:39.317532+0900 INFO Совпадение слова тепловоз со списком
2025-04-04T23:10:39.317532+0900 INFO Переслал сообщение пользователю -1002274694494
2025-04-04T23:10:58.514472+0900 DEBUG Получено сообщение от канала -1002641935606: тепловозы
2025-04-04T23:10:58.514472+0900 DEBUG Канал -1002641935606 есть в списке
2025-04-04T23:11:00.150318+0900 INFO Совпадение слова тепловоз со списком
2025-04-04T23:11:00.151313+0900 INFO Переслал сообщение пользователю -1002274694494
2025-04-04T23:12:21.567020+0900 DEBUG Получено сообщение от канала -1002641935606: убийства
2025-04-04T23:12:21.567020+0900 DEBUG Канал -1002641935606 есть в списке
2025-04-04T23:12:22.663769+0900 INFO Совпадение слова убийство со списком
2025-04-04T23:12:22.663769+0900 INFO Переслал сообщение пользователю -1002274694494
2025-04-04T23:12:42.036611+0900 DEBUG Получено сообщение от канала -1002641935606: тепловозы
2025-04-04T23:12:42.037641+0900 DEBUG Канал -1002641935606 есть в списке
2025-04-04T23:12:43.119975+0900 INFO Совпадение слова тепловоз со списком
2025-04-04T23:12:43.119975+0900 INFO Переслал сообщение пользователю -1002274694494
2025-04-04T23:12:54.527206+0900 DEBUG Получено сообщение от канала -1002641935606: тепловозам
2025-04-04T23:12:54.527206+0900 DEBUG Канал -1002641935606 есть в списке
2025-04-04T23:12:55.571518+0900 INFO Совпадение слова тепловоз со списком
2025-04-04T23:12:55.571518+0900 INFO Переслал сообщение пользователю -1002274694494
2025-04-04T23:16:33.138859+0900 INFO Получено сообщение от управляющего канала -1002274694494: буалуцзаулц
2025-04-04T23:27:43.690577+0900 ERROR Error getting chat -1002641935606: Cannot find any entity corresponding to "-1002641935606"
2025-04-04T23:27:43.861221+0900 ERROR Error getting chat -1002641935606: Cannot find any entity corresponding to "-1002641935606"
2025-04-04T23:28:03.685789+0900 ERROR Error getting chat -1002641935606: Cannot find any entity corresponding to "-1002641935606"
2025-04-04T23:32:15.254541+0900 ERROR Error getting chat amurblg1: invalid literal for int() with base 10: 'amurblg1'
2025-04-04T23:32:15.255433+0900 DEBUG Получено сообщение от канала -1001967505770: **Я:**
2025-04-04T23:35:59.020816+0900 DEBUG Получено сообщение от канала -1001456753090: 😫 **Игровой факт: Релиз RDR 2 привёл к росту числа больничных**

После выхода игры количество больничных в США увеличилось на 30% по сравнению с обычным днем.

По некоторым данным, 15% из тех, кто взял больничный, признались, что сделали это, чтобы поиграть в игру вместо того, чтобы идти на работу или учёбу.

__Что будет, когда выйдет GTA VI...__

🔥 [**УЛЬТА. Подписаться**](https://t.me/ulta_games)
2025-04-04T23:36:14.388021+0900 DEBUG Получено сообщение от канала -1001825788106: Обстановка в категории секс-товаров на WB.

С каждым днём мы все дальше от бога.
2025-04-05T08:43:20.955252+0900 DEBUG Получено сообщение от канала 2641935606: тепловоз
2025-04-05T08:43:20.990160+0900 DEBUG Канал 2641935606 есть в списке
2025-04-05T08:43:23.335135+0900 INFO Совпадение слова тепловоз со списком
2025-04-05T08:43:23.335135+0900 INFO Переслал сообщение пользователю -1002274694494
2025-04-05T08:51:25.613827+0900 DEBUG Получено сообщение от канала 2641935606: тепловоз 2
2025-04-05T08:51:25.614857+0900 DEBUG Канал 2641935606 есть в списке
2025-04-05T08:51:26.902155+0900 INFO Совпадение слова тепловоз со списком
2025-04-05T08:51:26.902155+0900 INFO Переслал сообщение пользователю -1002274694494
2025-04-05T08:52:07.105018+0900 DEBUG Получено сообщение от канала 2641935606: тепловоз 2
2025-04-05T08:52:07.105995+0900 DEBUG Канал 2641935606 есть в списке
2025-04-05T08:52:08.104802+0900 INFO Совпадение слова тепловоз со списком
2025-04-05T08:52:08.104802+0900 INFO Переслал сообщение пользователю -1002274694494
2025-04-05T08:52:08.106798+0900 DEBUG Получено сообщение от канала 2641935606: тепловоз
2025-04-05T08:52:08.106798+0900 DEBUG Канал 2641935606 есть в списке
2025-04-05T08:52:09.100597+0900 INFO Совпадение слова тепловоз со списком
2025-04-05T08:52:09.100597+0900 INFO Переслал сообщение пользователю -1002274694494
2025-04-05T08:53:43.699049+0900 DEBUG Получено сообщение от канала 2641935606: тепловоз 123
2025-04-05T08:53:43.700045+0900 DEBUG Канал 2641935606 есть в списке
2025-04-05T08:53:44.729463+0900 INFO Совпадение слова тепловоз со списком
2025-04-05T08:53:44.729463+0900 INFO Переслал сообщение пользователю -1002274694494
2025-04-05T08:53:47.083185+0900 DEBUG Получено сообщение от канала 2274694494: >Циатата
2025-04-05T08:53:47.084184+0900 DEBUG Получено сообщение от канала 2274694494: news

 > тепловоз
2025-04-05T08:53:47.085181+0900 DEBUG Получено сообщение от канала 2274694494: news

> тепловоз 123
2025-04-05T08:53:47.086179+0900 DEBUG Получено сообщение от канала 2274694494: тепловоз 123
2025-04-05T08:54:34.600561+0900 DEBUG Получено сообщение от канала 2274694494: > 123
2025-04-05T08:55:10.378198+0900 DEBUG Получено сообщение от канала 2641935606: тепловоз 1932
2025-04-05T08:55:10.378198+0900 DEBUG Канал 2641935606 есть в списке
2025-04-05T08:55:11.340302+0900 INFO Совпадение слова тепловоз со списком
2025-04-05T08:55:11.341254+0900 INFO Переслал сообщение пользователю -1002274694494
2025-04-05T08:55:29.886222+0900 DEBUG Получено сообщение от канала 2641935606: тепловоз
2025-04-05T08:55:29.887222+0900 DEBUG Канал 2641935606 есть в списке
2025-04-05T08:55:31.148234+0900 INFO Совпадение слова тепловоз со списком
2025-04-05T08:55:31.148234+0900 INFO Переслал сообщение пользователю -1002274694494
2025-04-05T08:55:33.298961+0900 DEBUG Получено сообщение от канала 2274694494: >Циатата
2025-04-05T08:55:33.345037+0900 DEBUG Получено сообщение от канала 2274694494: >Циатата
2025-04-05T08:55:33.346036+0900 DEBUG Получено сообщение от канала 2274694494: news

>тепловоз
>123
2025-04-05T08:55:33.347034+0900 DEBUG Получено сообщение от канала 2274694494: тепловоз
2025-04-05T09:02:17.615308+0900 DEBUG Получено сообщение от канала 1139196786: 
2025-04-05T09:03:33.186965+0900 DEBUG Получено сообщение от канала 2641935606: тепловоз
2025-04-05T09:03:33.187962+0900 DEBUG Канал 2641935606 есть в списке
2025-04-05T09:03:34.214393+0900 INFO Совпадение слова тепловоз со списком
2025-04-05T09:03:34.214393+0900 INFO Переслал сообщение пользователю -1002274694494
2025-04-05T09:03:34.215393+0900 DEBUG Получено сообщение от канала 2641935606: тепловоз
2025-04-05T09:03:34.215393+0900 DEBUG Канал 2641935606 есть в списке
2025-04-05T09:03:35.303005+0900 INFO Совпадение слова тепловоз со списком
2025-04-05T09:03:35.304002+0900 INFO Переслал сообщение пользователю -1002274694494
2025-04-05T09:05:35.997954+0900 DEBUG Получено сообщение от канала 2641935606: тепловоз
2025-04-05T09:05:35.998971+0900 DEBUG Канал 2641935606 есть в списке
2025-04-05T09:05:36.989420+0900 INFO Совпадение слова тепловоз со списком
2025-04-05T09:05:36.989420+0900 INFO Переслал сообщение пользователю -1002274694494
2025-04-05T09:06:10.434804+0900 DEBUG Получено сообщение от канала 2641935606: тепловоз
2025-04-05T09:06:10.434804+0900 DEBUG Канал 2641935606 есть в списке
2025-04-05T09:06:11.418841+0900 INFO Совпадение слова тепловоз со списком
2025-04-05T09:06:11.418841+0900 INFO Переслал сообщение пользователю -1002274694494
2025-04-05T09:07:07.123604+0900 DEBUG Получено сообщение от канала 2641935606: тепловоз
2025-04-05T09:07:07.124610+0900 DEBUG Канал 2641935606 есть в списке
2025-04-05T09:07:08.123659+0900 INFO Совпадение слова тепловоз со списком
2025-04-05T09:07:08.123659+0900 INFO Переслал сообщение пользователю -1002274694494
2025-04-05T09:07:08.124642+0900 DEBUG Получено сообщение от канала 2641935606: тепловоз
2025-04-05T09:07:08.124642+0900 DEBUG Канал 2641935606 есть в списке
2025-04-05T09:07:09.126388+0900 INFO Совпадение слова тепловоз со списком
2025-04-05T09:07:09.127419+0900 INFO Переслал сообщение пользователю -1002274694494
2025-04-05T09:08:44.414691+0900 DEBUG Получено сообщение от канала 2641935606: 13123422148124
12841298049012
!"(!№("
!"№*(!№);(№
(!()ЩШЦА"ЩР"
"*№;(?*"№(*;?"№?2384732074323
398247247029

ущоащуоа
2025-04-05T09:08:44.414691+0900 DEBUG Канал 2641935606 есть в списке
2025-04-05T09:09:02.803765+0900 DEBUG Получено сообщение от канала 2641935606: 13123422148124
12841298049012
!"(!№("
!"№*(!№);(№
(!()ЩШЦА"ЩР"
"*№;(?*"№(*;?"№?2384732074323
398247247029
тепловоз
ущоащуоа
2025-04-05T09:09:02.803765+0900 DEBUG Канал 2641935606 есть в списке
2025-04-05T09:09:12.039719+0900 INFO Совпадение слова тепловоз со списком
2025-04-05T09:09:12.039719+0900 INFO Переслал сообщение пользователю -1002274694494
2025-04-05T09:09:12.727089+0900 DEBUG Получено сообщение от канала 1249702936: Наконец выходные, можно и поспать подольше! 
Кот 🙋‍♀️🙋‍♀️🙋‍♀️🙋‍♀️🙋‍♀️🙋‍♀️

👉 Б№1 подписаться | Прислать новость
2025-04-05T09:09:12.728038+0900 DEBUG Канал 1249702936 есть в списке
2025-04-05T09:19:37.073488+0900 DEBUG Получено сообщение от канала 2641935606: 13123422148124
12841298049012
!"(!№("
!"№*(!№);(№
(!()ЩШЦА"ЩР"
"*№;(?*"№(*;?"№?2384732074323
398247247029
тепловоз
ущоащуоа
2025-04-05T09:19:37.073488+0900 DEBUG Канал 2641935606 есть в списке
2025-04-05T09:19:37.134870+0900 DEBUG Получено сообщение от канала 2641935606: тепловоз
2025-04-05T09:19:37.134870+0900 DEBUG Канал 2641935606 есть в списке
2025-04-05T09:20:31.114085+0900 DEBUG Получено сообщение от канала 2641935606: тепловоз
2025-04-05T09:20:31.114085+0900 DEBUG Канал 2641935606 есть в списке
2025-04-05T09:20:32.144721+0900 INFO Совпадение слова тепловоз со списком на индексе 0
2025-04-05T09:20:37.781162+0900 DEBUG Получено сообщение от канала 2274694494: 1242
2025-04-05T11:05:50.443564+0900 DEBUG Получено сообщение от канала 2641935606: тепловоз
2025-04-05T11:05:50.484422+0900 DEBUG Канал 2641935606 есть в списке
2025-04-05T11:05:51.790683+0900 INFO Переслал сообщение пользователю -1002274694494
2025-04-05T11:05:51.791685+0900 DEBUG Получено сообщение от канала 2641935606: В отношении благовещенца, устроившего стрельбу у Харатс, избрана мера пресечения в виде заключения под стражу 

Благовещенский городской суд удовлетворил ходатайство следователя следственного отдела по Благовещенску об избрании меры пресечения в отношении 34-летнего жителя города, подозреваемого в совершении преступления, предусмотренного ч. 3 ст. 30, ч. 1 ст. 105 УК РФ (покушение на убийство).

По версии следствия, в ночь с 28 на 29 марта подозреваемый находился в Харатс, где между его другом и другим посетителем заведения возник конфликт. После окончания конфликта подозреваемый вместе со своими друзьями приехал домой, где взял принадлежащее ему охотничье ружьё и с ним вернулся к заведению. Увидев стоящего на парковке у бара мужчину с кем ранее произошел конфликт, подозреваемый произвел не менее трех выстрелов из охотничьего ружья в сторону потерпевшего, причинив ему огнестрельное ранение.

В отношении подозреваемого избрана мера пресечения в виде заключения под стражу.

👉 Б№1 подписаться | Прислать новость
2025-04-05T11:05:51.791685+0900 DEBUG Канал 2641935606 есть в списке
2025-04-05T11:06:01.601461+0900 INFO Переслал сообщение пользователю -1002274694494
2025-04-05T11:08:07.626782+0900 DEBUG Получено сообщение от канала 2274694494: 231243
2025-04-05T11:08:07.627779+0900 DEBUG Получено сообщение от канала 2274694494: news
*тепловоз*
2025-04-05T11:08:13.313357+0900 DEBUG Получено сообщение от канала 2641935606: В отношении благовещенца, устроившего стрельбу у Харатс, избрана мера пресечения в виде заключения под стражу 

Благовещенский городской суд удовлетворил ходатайство следователя следственного отдела по Благовещенску об избрании меры пресечения в отношении 34-летнего жителя города, подозреваемого в совершении преступления, предусмотренного ч. 3 ст. 30, ч. 1 ст. 105 УК РФ (покушение на убийство).

По версии следствия, в ночь с 28 на 29 марта подозреваемый находился в Харатс, где между его другом и другим посетителем заведения возник конфликт. После окончания конфликта подозреваемый вместе со своими друзьями приехал домой, где взял принадлежащее ему охотничье ружьё и с ним вернулся к заведению. Увидев стоящего на парковке у бара мужчину с кем ранее произошел конфликт, подозреваемый произвел не менее трех выстрелов из охотничьего ружья в сторону потерпевшего, причинив ему огнестрельное ранение.

В отношении подозреваемого избрана мера пресечения в виде заключения под стражу.

👉 Б№1 подписаться | Прислать новость
2025-04-05T11:08:13.314355+0900 DEBUG Канал 2641935606 есть в списке
2025-04-05T11:08:22.583722+0900 INFO Переслал сообщение пользователю -1002274694494
2025-04-05T11:09:15.243463+0900 DEBUG Получено сообщение от канала 2274694494: gjroejgr
2025-04-05T11:09:39.249948+0900 DEBUG Получено сообщение от канала 2641935606: В отношении благовещенца, устроившего стрельбу у Харатс, избрана мера пресечения в виде заключения под стражу 

Благовещенский городской суд удовлетворил ходатайство следователя следственного отдела по Благовещенску об избрании меры пресечения в отношении 34-летнего жителя города, подозреваемого в совершении преступления, предусмотренного ч. 3 ст. 30, ч. 1 ст. 105 УК РФ (покушение на убийство).

По версии следствия, в ночь с 28 на 29 марта подозреваемый находился в Харатс, где между его другом и другим посетителем заведения возник конфликт. После окончания конфликта подозреваемый вместе со своими друзьями приехал домой, где взял принадлежащее ему охотничье ружьё и с ним вернулся к заведению. Увидев стоящего на парковке у бара мужчину с кем ранее произошел конфликт, подозреваемый произвел не менее трех выстрелов из охотничьего ружья в сторону потерпевшего, причинив ему огнестрельное ранение.

В отношении подозреваемого избрана мера пресечения в виде заключения под стражу.

👉 Б№1 подписаться | Прислать новость
2025-04-05T11:09:39.250927+0900 DEBUG Канал 2641935606 есть в списке
2025-04-05T11:09:48.186060+0900 INFO Переслал сообщение пользователю -1002274694494
2025-04-05T11:09:48.187058+0900 DEBUG Получено сообщение от канала 2641935606: В отношении благовещенца, устроившего стрельбу у Харатс, избрана мера пресечения в виде заключения под стражу 

Благовещенский городской суд удовлетворил ходатайство следователя следственного отдела по Благовещенску об избрании меры пресечения в отношении 34-летнего жителя города, подозреваемого в совершении преступления, предусмотренного ч. 3 ст. 30, ч. 1 ст. 105 УК РФ (покушение на убийство).

По версии следствия, в ночь с 28 на 29 марта подозреваемый находился в Харатс, где между его другом и другим посетителем заведения возник конфликт. После окончания конфликта подозреваемый вместе со своими друзьями приехал домой, где взял принадлежащее ему охотничье ружьё и с ним вернулся к заведению. Увидев стоящего на парковке у бара мужчину с кем ранее произошел конфликт, подозреваемый произвел не менее трех выстрелов из охотничьего ружья в сторону потерпевшего, причинив ему огнестрельное ранение.

В отношении подозреваемого избрана мера пресечения в виде заключения под стражу.

👉 Б№1 подписаться | Прислать новость
2025-04-05T11:09:48.187058+0900 DEBUG Канал 2641935606 есть в списке
2025-04-05T11:09:58.635636+0900 INFO Переслал сообщение пользователю -1002274694494
2025-04-05T11:11:24.758493+0900 DEBUG Получено сообщение от канала 2641935606: В отношении благовещенца, устроившего стрельбу у Харатс, избрана мера пресечения в виде заключения под стражу 

Благовещенский городской суд удовлетворил ходатайство следователя следственного отдела по Благовещенску об избрании меры пресечения в отношении 34-летнего жителя города, подозреваемого в совершении преступления, предусмотренного ч. 3 ст. 30, ч. 1 ст. 105 УК РФ (покушение на убийство).

По версии следствия, в ночь с 28 на 29 марта подозреваемый находился в Харатс, где между его другом и другим посетителем заведения возник конфликт. После окончания конфликта подозреваемый вместе со своими друзьями приехал домой, где взял принадлежащее ему охотничье ружьё и с ним вернулся к заведению. Увидев стоящего на парковке у бара мужчину с кем ранее произошел конфликт, подозреваемый произвел не менее трех выстрелов из охотничьего ружья в сторону потерпевшего, причинив ему огнестрельное ранение.

В отношении подозреваемого избрана мера пресечения в виде заключения под стражу.

👉 Б№1 подписаться | Прислать новость
2025-04-05T11:11:24.759455+0900 DEBUG Канал 2641935606 есть в списке
2025-04-05T11:11:34.245704+0900 INFO Переслал сообщение пользователю -1002274694494
2025-04-05T11:14:58.754169+0900 DEBUG Получено сообщение от канала 2641935606: Семейная ссора обернулась уголовным делом.

В январе 2024 года в квартире сожительницы у подсудимого  произошел конфликт с ее сыном. В ходе ссоры мужчина схватил сына за шею, начал сдавливать и угрожал убийством. Сожительница, войдя в комнату, остановила его, после чего он успокоился и ушел. Потерпевший воспринял угрозы как реальные из-за агрессивного поведения мужчины.

В результате действий мужчины сыну сожительницы были причинены телесные повреждения в виде ссадин и кровоподтеков, не опасных для здоровья. Ранее мужчина уже был судим за умышленное причинение легкого вреда здоровью (ч. 1 ст. 115 УК РФ) и приговорен к штрафу в 5 тыс. рублей.

Благовещенский суд учел частичное признание вины и приговорил мужчину к 400 часам обязательных работ за совокупность преступлений.

👉 Б№1 подписаться | Прислать новость
2025-04-05T11:14:58.754169+0900 DEBUG Канал 2641935606 есть в списке
2025-04-05T11:15:08.665653+0900 INFO Переслал сообщение пользователю -1002274694494
2025-04-05T11:15:11.219716+0900 DEBUG Получено сообщение от канала 2274694494: убийство
Сообщение: news
105 УК РФ (покушение на убийство). По версии следствия, в ночь
2025-04-05T11:15:11.219716+0900 DEBUG Получено сообщение от канала 2274694494: убийство
Сообщение: news
шею, начал сдавливать и угрожал убийством. Сожительница, войдя в комнату, остановила
2025-04-05T11:16:30.553359+0900 DEBUG Получено сообщение от канала 2641935606: Семейная ссора обернулась уголовным делом.

В январе 2024 года в квартире сожительницы у подсудимого  произошел конфликт с ее сыном. В ходе ссоры мужчина схватил сына за шею, начал сдавливать и угрожал убийством. Сожительница, войдя в комнату, остановила его, после чего он успокоился и ушел. Потерпевший воспринял угрозы как реальные из-за агрессивного поведения мужчины.

В результате действий мужчины сыну сожительницы были причинены телесные повреждения в виде ссадин и кровоподтеков, не опасных для здоровья. Ранее мужчина уже был судим за умышленное причинение легкого вреда здоровью (ч. 1 ст. 115 УК РФ) и приговорен к штрафу в 5 тыс. рублей.

Благовещенский суд учел частичное признание вины и приговорил мужчину к 400 часам обязательных работ за совокупность преступлений.

👉 Б№1 подписаться | Прислать новость
2025-04-05T11:16:30.553359+0900 DEBUG Канал 2641935606 есть в списке
2025-04-05T11:16:39.538347+0900 INFO Переслал сообщение пользователю -1002274694494
2025-04-05T11:16:39.539344+0900 DEBUG Получено сообщение от канала 2641935606: Семейная ссора обернулась уголовным делом.

В январе 2024 года в квартире сожительницы у подсудимого  произошел конфликт с ее сыном. В ходе ссоры мужчина схватил сына за шею, начал сдавливать и угрожал убийством. Сожительница, войдя в комнату, остановила его, после чего он успокоился и ушел. Потерпевший воспринял угрозы как реальные из-за агрессивного поведения мужчины.

В результате действий мужчины сыну сожительницы были причинены телесные повреждения в виде ссадин и кровоподтеков, не опасных для здоровья. Ранее мужчина уже был судим за умышленное причинение легкого вреда здоровью (ч. 1 ст. 115 УК РФ) и приговорен к штрафу в 5 тыс. рублей.

Благовещенский суд учел частичное признание вины и приговорил мужчину к 400 часам обязательных работ за совокупность преступлений.

👉 Б№1 подписаться | Прислать новость
2025-04-05T11:16:39.539344+0900 DEBUG Канал 2641935606 есть в списке
2025-04-05T11:16:48.590250+0900 INFO Переслал сообщение пользователю -1002274694494
2025-04-05T11:16:49.210641+0900 DEBUG Получено сообщение от канала 2274694494: 123
2025-04-05T11:17:40.804291+0900 DEBUG Получено сообщение от канала 2641935606: Семейная ссора обернулась уголовным делом.

В январе 2024 года в квартире сожительницы у подсудимого  произошел конфликт с ее сыном. В ходе ссоры мужчина схватил сына за шею, начал сдавливать и угрожал убийством. Сожительница, войдя в комнату, остановила его, после чего он успокоился и ушел. Потерпевший воспринял угрозы как реальные из-за агрессивного поведения мужчины.

В результате действий мужчины сыну сожительницы были причинены телесные повреждения в виде ссадин и кровоподтеков, не опасных для здоровья. Ранее мужчина уже был судим за умышленное причинение легкого вреда здоровью (ч. 1 ст. 115 УК РФ) и приговорен к штрафу в 5 тыс. рублей.

Благовещенский суд учел частичное признание вины и приговорил мужчину к 400 часам обязательных работ за совокупность преступлений.

👉 Б№1 подписаться | Прислать новость
2025-04-05T11:17:40.804291+0900 DEBUG Канал 2641935606 есть в списке
2025-04-05T11:17:51.909621+0900 DEBUG Получено сообщение от канала 2274694494: 213455234
2025-04-05T11:18:14.039451+0900 DEBUG Получено сообщение от канала 2343900048: 
2025-04-05T11:18:14.040444+0900 DEBUG Получено сообщение от канала 2343900048: 
2025-04-05T11:18:29.131571+0900 DEBUG Получено сообщение от канала 2343900048: С пополнением в крокодильей семье

#StorytellingTeam #скетчтайм
2025-04-05T12:04:13.041180+0900 DEBUG Канал 2641935606 есть в списке
2025-04-05T12:04:14.191104+0900 DEBUG Канал 2641935606 есть в списке
2025-04-05T12:04:44.329311+0900 DEBUG Канал 2641935606 есть в списке
2025-04-05T12:04:45.292782+0900 INFO Переслал сообщение в управляющий канал
2025-04-05T12:06:43.722273+0900 DEBUG Канал 2641935606 есть в списке
2025-04-05T12:06:44.666716+0900 INFO Переслал сообщение в управляющий канал
2025-04-05T12:21:37.917041+0900 DEBUG Канал 1153543555 есть в списке
2025-04-05T12:21:37.919907+0900 DEBUG Канал 1153543555 есть в списке
2025-04-05T12:23:32.464179+0900 DEBUG Канал 1253781258 есть в списке
2025-04-05T12:23:37.365388+0900 INFO Переслал сообщение в управляющий канал
2025-04-05T12:25:32.675202+0900 DEBUG Канал 1249702936 есть в списке
2025-04-05T12:25:39.444693+0900 INFO Переслал сообщение в управляющий канал
2025-04-05T12:34:04.577499+0900 DEBUG Канал 1139196786 есть в списке
2025-04-05T12:34:18.093626+0900 INFO Переслал сообщение в управляющий канал
2025-04-05T12:38:00.149308+0900 DEBUG Канал 2641935606 есть в списке
2025-04-05T12:38:01.121570+0900 INFO Переслал сообщение в управляющий канал
2025-04-05T12:44:45.179498+0900 DEBUG Канал 1249702936 есть в списке
2025-04-05T13:03:18.485990+0900 DEBUG Канал 1249702936 есть в списке
2025-04-05T13:03:21.913702+0900 INFO Переслал сообщение в управляющий канал
2025-04-05T13:03:21.914726+0900 DEBUG Канал 1249702936 есть в списке
2025-04-05T13:41:17.389015+0900 DEBUG Канал 1249702936 есть в списке
2025-04-05T13:41:24.259407+0900 INFO Переслал сообщение в управляющий канал
2025-04-05T13:44:53.975438+0900 DEBUG Канал 2641935606 есть в списке
2025-04-05T13:44:54.031696+0900 DEBUG Канал 2641935606 есть в списке
2025-04-05T13:45:05.685652+0900 INFO Переслал сообщение в управляющий канал
2025-04-05T13:45:05.686653+0900 DEBUG Канал 2641935606 есть в списке
2025-04-05T13:53:34.892343+0900 DEBUG Канал 1139196786 есть в списке
2025-04-05T14:04:54.407339+0900 DEBUG Канал 1253781258 есть в списке
2025-04-05T14:05:06.380675+0900 INFO Переслал сообщение в управляющий канал
2025-04-05T14:17:17.721056+0900 DEBUG Канал 1139196786 есть в списке
2025-04-05T14:17:43.309617+0900 INFO Переслал сообщение в управляющий канал
2025-04-05T14:17:43.310615+0900 DEBUG Канал 1139196786 есть в списке
2025-04-05T14:17:43.315601+0900 DEBUG Канал 1139196786 есть в списке
2025-04-05T14:33:38.944115+0900 DEBUG Канал 2641935606 есть в списке
2025-04-05T14:33:38.984670+0900 DEBUG Канал 2641935606 есть в списке
2025-04-05T14:34:00.557325+0900 INFO Переслал сообщение в управляющий канал
2025-04-05T14:34:00.559317+0900 DEBUG Канал 2641935606 есть в списке
2025-04-05T14:54:37.434353+0900 DEBUG Канал 1249702936 есть в списке
2025-04-05T14:54:46.219144+0900 INFO Переслал сообщение в управляющий канал
2025-04-05T14:57:26.769853+0900 DEBUG Канал 1139196786 есть в списке
2025-04-05T14:57:45.879190+0900 INFO Переслал сообщение в управляющий канал
2025-04-05T15:15:58.448432+0900 DEBUG Канал 1249702936 есть в списке
2025-04-05T15:16:14.881652+0900 INFO Переслал сообщение в управляющий канал
2025-04-05T15:16:14.886638+0900 DEBUG Канал 1249702936 есть в списке
